[23Apr2025 12:44:46.196] [main/INFO] [cpw.mods.modlauncher.Launcher/MODLAUNCHER]: ModLauncher running: args [--launchTarget, neoforgeclientdev, --version, 21.4.123, --assetIndex, 19, --assetsDir, C:\\Users\\debin\\.mcreator\\gradle\\caches\\neoformruntime\\assets, --gameDir, ., --fml.fmlVersion, 6.0.11, --fml.mcVersion, 1.21.4, --fml.neoForgeVersion, 21.4.123, --fml.neoFormVersion, 20241203.161809]
[23Apr2025 12:44:46.200] [main/INFO] [cpw.mods.modlauncher.Launcher/MODLAUNCHER]: JVM identified as Eclipse Adoptium OpenJDK 64-Bit Server VM 21.0.5+11-LTS
[23Apr2025 12:44:46.201] [main/INFO] [cpw.mods.modlauncher.Launcher/MODLAUNCHER]: ModLauncher 11.0.4+main.d2e20e43 starting: java version 21.0.5 by Eclipse Adoptium; OS Windows 11 arch amd64 version 10.0
[23Apr2025 12:44:46.327] [main/INFO] [net.neoforged.fml.loading.ImmediateWindowHandler/]: Loading ImmediateWindowProvider fmlearlywindow
[23Apr2025 12:44:46.408] [main/INFO] [EARLYDISPLAY/]: Trying GL version 4.6
[23Apr2025 12:44:46.485] [main/INFO] [EARLYDISPLAY/]: Requested GL version 4.6 got version 4.6
[23Apr2025 12:44:46.585] [main/INFO] [mixin/]: SpongePowered MIXIN Subsystem Version=0.8.7 Source=union:/C:/Users/debin/.mcreator/gradle/caches/modules-2/files-2.1/net.fabricmc/sponge-mixin/0.15.2+mixin.0.8.7/2af2f021d8e02a0220dc27a7a72b4666d66d44ca/sponge-mixin-0.15.2+mixin.0.8.7.jar%23162!/ Service=ModLauncher Env=CLIENT
[23Apr2025 12:44:46.772] [pool-2-thread-1/INFO] [EARLYDISPLAY/]: GL info: Intel(R) Iris(R) Xe Graphics GL version 4.6.0 - Build 31.0.101.5186, Intel
[23Apr2025 12:44:46.951] [main/INFO] [net.neoforged.fml.loading.moddiscovery.locators.JarInJarDependencyLocator/]: Found 2 dependencies adding them to mods collection
[23Apr2025 12:44:46.952] [main/INFO] [net.neoforged.fml.loading.moddiscovery.ModDiscoverer/]: 
     Mod List:
		Name Version (Mod Id)

		LightTouch 1.0.0 (lighttouch)
		Minecraft 1.21.4 (minecraft)
		NeoForge 21.4.123 (neoforge)
[23Apr2025 12:44:47.557] [main/INFO] [cpw.mods.modlauncher.LaunchServiceHandler/MODLAUNCHER]: Launching target 'neoforgeclientdev' with arguments [--version, 21.4.123, --gameDir, ., --assetsDir, C:\Users\debin\.mcreator\gradle\caches\neoformruntime\assets, --assetIndex, 19]
[23Apr2025 12:44:48.993] [Datafixer Bootstrap/INFO] [com.mojang.datafixers.DataFixerBuilder/]: 246 Datafixer optimizations took 382 milliseconds
[23Apr2025 12:44:49.193] [pool-7-thread-1/INFO] [MixinExtras|Service/]: Initializing MixinExtras via com.llamalad7.mixinextras.service.MixinExtrasServiceImpl(version=0.4.1).
[23Apr2025 12:44:53.107] [main/WARN] [net.minecraft.commands.Commands/]: Ambiguity between arguments [teleport, location] and [teleport, destination] with inputs: [0.1 -0.5 .9, 0 0 0]
[23Apr2025 12:44:53.108] [main/WARN] [net.minecraft.commands.Commands/]: Ambiguity between arguments [teleport, location] and [teleport, targets] with inputs: [0.1 -0.5 .9, 0 0 0]
[23Apr2025 12:44:53.110] [main/WARN] [net.minecraft.commands.Commands/]: Ambiguity between arguments [teleport, destination] and [teleport, targets] with inputs: [Player, 0123, @e, dd12be42-52a9-4a91-a8a1-11c01849e498]
[23Apr2025 12:44:53.111] [main/WARN] [net.minecraft.commands.Commands/]: Ambiguity between arguments [teleport, targets] and [teleport, destination] with inputs: [Player, 0123, dd12be42-52a9-4a91-a8a1-11c01849e498]
[23Apr2025 12:44:53.112] [main/WARN] [net.minecraft.commands.Commands/]: Ambiguity between arguments [teleport, targets, location] and [teleport, targets, destination] with inputs: [0.1 -0.5 .9, 0 0 0]
[23Apr2025 12:44:53.236] [Render thread/WARN] [net.minecraft.server.packs.VanillaPackResourcesBuilder/]: Assets URL 'union:/C:/Users/debin/OneDrive/Desktop/LightTouchMod/build/moddev/artifacts/neoforge-21.4.123.jar%23215!/assets/.mcassetsroot' uses unexpected schema
[23Apr2025 12:44:53.237] [Render thread/WARN] [net.minecraft.server.packs.VanillaPackResourcesBuilder/]: Assets URL 'union:/C:/Users/debin/OneDrive/Desktop/LightTouchMod/build/moddev/artifacts/neoforge-21.4.123.jar%23215!/data/.mcassetsroot' uses unexpected schema
[23Apr2025 12:44:53.261] [Render thread/INFO] [com.mojang.authlib.yggdrasil.YggdrasilAuthenticationService/]: Environment: Environment[sessionHost=https://sessionserver.mojang.com, servicesHost=https://api.minecraftservices.com, name=PROD]
[23Apr2025 12:44:53.267] [Render thread/INFO] [net.minecraft.client.Minecraft/]: Setting user: Dev
[23Apr2025 12:44:53.335] [Render thread/INFO] [net.minecraft.client.Minecraft/]: Backend library: LWJGL version 3.3.3+5
[23Apr2025 12:44:53.496] [modloading-worker-0/INFO] [net.neoforged.neoforge.common.NeoForgeMod/NEOFORGE-MOD]: NeoForge mod loading, version 21.4.123, for MC 1.21.4
[23Apr2025 12:44:54.269] [Render thread/INFO] [net.neoforged.neoforge.gametest.GameTestHooks/]: Enabled Gametest Namespaces: []
[23Apr2025 12:44:54.424] [Render thread/INFO] [net.minecraft.server.packs.resources.ReloadableResourceManager/]: Reloading ResourceManager: vanilla, mod_resources, mod/neoforge, mod/lighttouch
[23Apr2025 12:44:54.527] [resourceLoad/INFO] [net.minecraft.client.gui.font.providers.UnihexProvider/]: Found unifont_all_no_pua-16.0.01.hex, loading
[23Apr2025 12:44:54.527] [resourceLoad/INFO] [net.minecraft.client.gui.font.providers.UnihexProvider/]: Found unifont_jp_patch-16.0.01.hex, loading
[23Apr2025 12:44:55.555] [resourceLoad/WARN] [net.minecraft.client.resources.model.ModelManager/]: Missing textures in model lighttouch:tungsten_block#:
    minecraft:textures/atlas/blocks.png:lighttouch:block/tungsten_ore_block
[23Apr2025 12:44:55.555] [resourceLoad/WARN] [net.minecraft.client.resources.model.ModelManager/]: Missing textures in model lighttouch:tungsten_block#inventory:
    minecraft:textures/atlas/blocks.png:lighttouch:block/tungsten_ore_block
[23Apr2025 12:44:57.721] [Render thread/INFO] [com.mojang.blaze3d.audio.Library/]: OpenAL initialized on device OpenAL Soft on Speakers (Realtek(R) Audio)
[23Apr2025 12:44:57.722] [Render thread/INFO] [net.minecraft.client.sounds.SoundEngine/SOUNDS]: Sound engine started
[23Apr2025 12:44:57.802] [Render thread/INFO] [net.minecraft.client.renderer.texture.TextureAtlas/]: Created: 1024x512x2 minecraft:textures/atlas/blocks.png-atlas
[23Apr2025 12:44:58.019] [Render thread/INFO] [net.minecraft.client.renderer.texture.TextureAtlas/]: Created: 256x256x2 minecraft:textures/atlas/signs.png-atlas
[23Apr2025 12:44:58.021] [Render thread/INFO] [net.minecraft.client.renderer.texture.TextureAtlas/]: Created: 512x512x2 minecraft:textures/atlas/shield_patterns.png-atlas
[23Apr2025 12:44:58.026] [Render thread/INFO] [net.minecraft.client.renderer.texture.TextureAtlas/]: Created: 512x512x2 minecraft:textures/atlas/banner_patterns.png-atlas
[23Apr2025 12:44:58.031] [Render thread/INFO] [net.minecraft.client.renderer.texture.TextureAtlas/]: Created: 2048x1024x2 minecraft:textures/atlas/armor_trims.png-atlas
[23Apr2025 12:44:58.087] [Render thread/INFO] [net.minecraft.client.renderer.texture.TextureAtlas/]: Created: 128x64x2 minecraft:textures/atlas/decorated_pot.png-atlas
[23Apr2025 12:44:58.090] [Render thread/INFO] [net.minecraft.client.renderer.texture.TextureAtlas/]: Created: 256x256x2 minecraft:textures/atlas/chest.png-atlas
[23Apr2025 12:44:58.093] [Render thread/INFO] [net.minecraft.client.renderer.texture.TextureAtlas/]: Created: 512x256x2 minecraft:textures/atlas/beds.png-atlas
[23Apr2025 12:44:58.097] [Render thread/INFO] [net.minecraft.client.renderer.texture.TextureAtlas/]: Created: 512x256x2 minecraft:textures/atlas/shulker_boxes.png-atlas
[23Apr2025 12:44:58.101] [Render thread/INFO] [net.minecraft.client.renderer.texture.TextureAtlas/]: Created: 64x64x0 minecraft:textures/atlas/map_decorations.png-atlas
[23Apr2025 12:44:58.210] [Render thread/INFO] [net.minecraft.client.renderer.texture.TextureAtlas/]: Created: 512x256x0 minecraft:textures/atlas/particles.png-atlas
[23Apr2025 12:44:58.217] [Render thread/INFO] [net.minecraft.client.renderer.texture.TextureAtlas/]: Created: 512x256x0 minecraft:textures/atlas/paintings.png-atlas
[23Apr2025 12:44:58.219] [Render thread/INFO] [net.minecraft.client.renderer.texture.TextureAtlas/]: Created: 256x128x0 minecraft:textures/atlas/mob_effects.png-atlas
[23Apr2025 12:44:58.220] [Render thread/INFO] [net.minecraft.client.renderer.texture.TextureAtlas/]: Created: 1024x512x0 minecraft:textures/atlas/gui.png-atlas
[23Apr2025 12:44:58.235] [Render thread/INFO] [net.neoforged.neoforge.client.entity.animation.json.AnimationLoader/]: Loaded 0 entity animations
[23Apr2025 12:45:05.058] [Render thread/INFO] [net.minecraft.world.item.crafting.RecipeManager/]: Loaded 1392 recipes
[23Apr2025 12:45:05.067] [Render thread/INFO] [net.minecraft.advancements.AdvancementTree/]: Loaded 1481 advancements
[23Apr2025 12:45:05.069] [Render thread/INFO] [net.neoforged.neoforge.common.crafting.RecipePriorityManager/]: Loaded 0 recipe priority overrides
[23Apr2025 12:45:07.220] [Server thread/INFO] [net.minecraft.client.server.IntegratedServer/]: Starting integrated minecraft server version 1.21.4
[23Apr2025 12:45:07.221] [Server thread/INFO] [net.minecraft.server.MinecraftServer/]: Generating keypair
[23Apr2025 12:45:07.992] [Server thread/INFO] [net.minecraft.server.MinecraftServer/]: Preparing start region for dimension minecraft:overworld
[23Apr2025 12:45:08.613] [progressListener/INFO] [net.minecraft.server.level.progress.LoggerChunkProgressListener/]: Preparing spawn area: 0%
[23Apr2025 12:45:08.613] [progressListener/INFO] [net.minecraft.server.level.progress.LoggerChunkProgressListener/]: Preparing spawn area: 0%
[23Apr2025 12:45:08.722] [progressListener/INFO] [net.minecraft.server.level.progress.LoggerChunkProgressListener/]: Time elapsed: 722 ms
[23Apr2025 12:45:08.725] [Server thread/INFO] [net.neoforged.neoforge.server.permission.PermissionAPI/]: Successfully initialized permission handler neoforge:default_handler
[23Apr2025 12:45:08.809] [Server thread/INFO] [net.minecraft.client.server.IntegratedServer/]: Changing view distance to 5, from 10
[23Apr2025 12:45:08.809] [Server thread/INFO] [net.minecraft.client.server.IntegratedServer/]: Changing simulation distance to 12, from 0
[23Apr2025 12:45:09.493] [Server thread/INFO] [net.minecraft.server.players.PlayerList/]: Dev[local:E:3069e888] logged in with entity id 17 at (957.0884915346697, 77.10830520358444, 496.2715440897042)
[23Apr2025 12:45:09.566] [Server thread/INFO] [net.minecraft.server.MinecraftServer/]: Dev joined the game
[23Apr2025 12:45:09.669] [Render thread/INFO] [net.minecraft.advancements.AdvancementTree/]: Loaded 12 advancements
[23Apr2025 12:45:18.249] [Render thread/WARN] [net.minecraft.client.sounds.SoundEngine/SOUNDS]: Unable to play empty soundEvent: minecraft:entity.salmon.ambient
[23Apr2025 12:45:51.543] [Server thread/INFO] [net.minecraft.server.MinecraftServer/]: [Dev: Teleported Dev to 9520.500000, 100.000000, 5020.500000]
[23Apr2025 12:45:51.544] [Server thread/WARN] [net.minecraft.server.MinecraftServer/]: Can't keep up! Is the server overloaded? Running 2116ms or 42 ticks behind
[23Apr2025 12:45:51.562] [Render thread/INFO] [net.minecraft.client.gui.components.ChatComponent/]: [System] [CHAT] Teleported Dev to 9520.500000, 100.000000, 5020.500000
[23Apr2025 12:46:05.230] [Server thread/INFO] [net.minecraft.server.commands.LocateCommand/]: Locating element lighttouch:maple_forest took 21 ms
[23Apr2025 12:46:05.235] [Render thread/INFO] [net.minecraft.client.gui.components.ChatComponent/]: [System] [CHAT] The nearest lighttouch:maple_forest is at [9776, 292, 4796] (390 blocks away)
[23Apr2025 12:46:07.778] [Server thread/INFO] [net.minecraft.client.server.IntegratedServer/]: Saving and pausing game...
[23Apr2025 12:46:07.800] [Server thread/INFO] [net.minecraft.server.MinecraftServer/]: Saving chunks for level 'ServerLevel[New World]'/minecraft:overworld
[23Apr2025 12:46:07.824] [Server thread/INFO] [net.minecraft.server.MinecraftServer/]: Saving chunks for level 'ServerLevel[New World]'/minecraft:the_end
[23Apr2025 12:46:07.828] [Server thread/INFO] [net.minecraft.server.MinecraftServer/]: Saving chunks for level 'ServerLevel[New World]'/minecraft:the_nether
[23Apr2025 12:46:11.283] [Server thread/INFO] [net.minecraft.server.MinecraftServer/]: [Dev: Teleported Dev to 9776.500000, 292.000000, 4796.500000]
[23Apr2025 12:46:11.285] [Render thread/INFO] [net.minecraft.client.gui.components.ChatComponent/]: [System] [CHAT] Teleported Dev to 9776.500000, 292.000000, 4796.500000
[23Apr2025 12:46:59.313] [Server thread/INFO] [net.minecraft.server.MinecraftServer/]: [Dev: Teleported Dev to 9776.500000, 292.000000, 4796.500000]
[23Apr2025 12:46:59.314] [Render thread/INFO] [net.minecraft.client.gui.components.ChatComponent/]: [System] [CHAT] Teleported Dev to 9776.500000, 292.000000, 4796.500000
[23Apr2025 12:47:02.314] [Server thread/INFO] [net.minecraft.server.MinecraftServer/]: [Dev: Teleported Dev to 9520.500000, 100.000000, 5020.500000]
[23Apr2025 12:47:02.316] [Render thread/INFO] [net.minecraft.client.gui.components.ChatComponent/]: [System] [CHAT] Teleported Dev to 9520.500000, 100.000000, 5020.500000
[23Apr2025 12:47:06.093] [Server thread/INFO] [net.minecraft.server.MinecraftServer/]: [Dev: Teleported Dev to 9776.500000, 292.000000, 4796.500000]
[23Apr2025 12:47:06.095] [Render thread/INFO] [net.minecraft.client.gui.components.ChatComponent/]: [System] [CHAT] Teleported Dev to 9776.500000, 292.000000, 4796.500000
[23Apr2025 12:47:13.385] [Server thread/INFO] [net.minecraft.server.MinecraftServer/]: [Dev: Teleported Dev to 9776.500000, 292.000000, 0.500000]
[23Apr2025 12:47:13.386] [Render thread/INFO] [net.minecraft.client.gui.components.ChatComponent/]: [System] [CHAT] Teleported Dev to 9776.500000, 292.000000, 0.500000
[23Apr2025 12:47:19.841] [Server thread/INFO] [net.minecraft.server.MinecraftServer/]: [Dev: Teleported Dev to 0.500000, 292.000000, 0.500000]
[23Apr2025 12:47:19.843] [Render thread/INFO] [net.minecraft.client.gui.components.ChatComponent/]: [System] [CHAT] Teleported Dev to 0.500000, 292.000000, 0.500000
[23Apr2025 12:47:28.764] [Server thread/INFO] [net.minecraft.server.MinecraftServer/]: [Dev: Teleported Dev to 0.500000, 50.000000, 0.500000]
[23Apr2025 12:47:28.766] [Render thread/INFO] [net.minecraft.client.gui.components.ChatComponent/]: [System] [CHAT] Teleported Dev to 0.500000, 50.000000, 0.500000
[23Apr2025 12:48:55.928] [Server thread/INFO] [net.minecraft.client.server.IntegratedServer/]: Saving and pausing game...
[23Apr2025 12:48:55.953] [Server thread/INFO] [net.minecraft.server.MinecraftServer/]: Saving chunks for level 'ServerLevel[New World]'/minecraft:overworld
[23Apr2025 12:48:55.976] [Server thread/INFO] [net.minecraft.server.MinecraftServer/]: Saving chunks for level 'ServerLevel[New World]'/minecraft:the_end
[23Apr2025 12:48:55.977] [Server thread/INFO] [net.minecraft.server.MinecraftServer/]: Saving chunks for level 'ServerLevel[New World]'/minecraft:the_nether
[23Apr2025 12:49:01.197] [Server thread/INFO] [net.minecraft.client.server.IntegratedServer/]: Changing view distance to 27, from 5
[23Apr2025 12:49:18.628] [Server thread/INFO] [net.minecraft.client.server.IntegratedServer/]: Saving and pausing game...
[23Apr2025 12:49:18.638] [Server thread/INFO] [net.minecraft.server.MinecraftServer/]: Saving chunks for level 'ServerLevel[New World]'/minecraft:overworld
[23Apr2025 12:49:18.654] [Server thread/INFO] [net.minecraft.server.MinecraftServer/]: Saving chunks for level 'ServerLevel[New World]'/minecraft:the_end
[23Apr2025 12:49:18.654] [Server thread/INFO] [net.minecraft.server.MinecraftServer/]: Saving chunks for level 'ServerLevel[New World]'/minecraft:the_nether
[23Apr2025 12:49:19.398] [Server thread/INFO] [net.minecraft.server.network.ServerGamePacketListenerImpl/]: Dev lost connection: Disconnected
[23Apr2025 12:49:19.398] [Server thread/INFO] [net.minecraft.server.MinecraftServer/]: Dev left the game
[23Apr2025 12:49:19.414] [Server thread/INFO] [net.minecraft.server.network.ServerCommonPacketListenerImpl/]: Stopping singleplayer server as player logged out
[23Apr2025 12:49:19.428] [Server thread/INFO] [net.minecraft.server.MinecraftServer/]: Stopping server
[23Apr2025 12:49:19.429] [Server thread/INFO] [net.minecraft.server.MinecraftServer/]: Saving players
[23Apr2025 12:49:19.429] [Server thread/INFO] [net.minecraft.server.MinecraftServer/]: Saving worlds
[23Apr2025 12:49:21.308] [Server thread/INFO] [net.minecraft.server.MinecraftServer/]: Saving chunks for level 'ServerLevel[New World]'/minecraft:overworld
[23Apr2025 12:49:22.214] [Server thread/INFO] [net.minecraft.server.MinecraftServer/]: Saving chunks for level 'ServerLevel[New World]'/minecraft:the_end
[23Apr2025 12:49:22.217] [Server thread/INFO] [net.minecraft.server.MinecraftServer/]: Saving chunks for level 'ServerLevel[New World]'/minecraft:the_nether
[23Apr2025 12:49:22.283] [Server thread/INFO] [net.minecraft.server.MinecraftServer/]: ThreadedAnvilChunkStorage (New World (8)): All chunks are saved
[23Apr2025 12:49:22.283] [Server thread/INFO] [net.minecraft.server.MinecraftServer/]: ThreadedAnvilChunkStorage (DIM1): All chunks are saved
[23Apr2025 12:49:22.283] [Server thread/INFO] [net.minecraft.server.MinecraftServer/]: ThreadedAnvilChunkStorage (DIM-1): All chunks are saved
[23Apr2025 12:49:22.283] [Server thread/INFO] [net.minecraft.server.MinecraftServer/]: ThreadedAnvilChunkStorage: All dimensions are saved
[23Apr2025 12:49:29.019] [Render thread/INFO] [net.minecraft.world.item.crafting.RecipeManager/]: Loaded 1392 recipes
[23Apr2025 12:49:29.027] [Render thread/INFO] [net.minecraft.advancements.AdvancementTree/]: Loaded 1481 advancements
[23Apr2025 12:49:29.027] [Render thread/INFO] [net.neoforged.neoforge.common.crafting.RecipePriorityManager/]: Loaded 0 recipe priority overrides
[23Apr2025 12:50:12.257] [Render thread/INFO] [net.minecraft.client.Minecraft/]: Stopping!
